<?xml version="1.0" encoding="UTF-8"?>
<!-- Generated by org.testng.reporters.JUnitXMLReporter -->
<testsuite hostname="WECARE" name="BankingApp Test" tests="2" failures="0" timestamp="16 Sep 2020 08:06:34 GMT" time="36.731" errors="0">
  <testcase name="depositAmountTest" time="4.841" classname="com.InternetBanking_V1.testCases.TC_DepositAmountTest_001"/>
  <testcase name="depositAmountTestwithWrongID" time="4.06" classname="com.InternetBanking_V1.testCases.TC_DepositAmountTest_001"/>
</testsuite> <!-- BankingApp Test -->
