<?xml version="1.0" encoding="UTF-8"?>
<!-- Generated by org.testng.reporters.JUnitXMLReporter -->
<testsuite hostname="WECARE" name="BankingApp Test" tests="2" failures="0" timestamp="16 Sep 2020 17:06:47 GMT" time="34.545" errors="0">
  <testcase name="depositAmountTestwithValidID" time="5.073" classname="com.InternetBanking_V1.testCases.TC_DepositAmountTest_001"/>
  <testcase name="depositAmountTestwithWrongID" time="2.423" classname="com.InternetBanking_V1.testCases.TC_DepositAmountTest_001"/>
</testsuite> <!-- BankingApp Test -->
