<?xml version="1.0" encoding="UTF-8"?>
<!-- Generated by org.testng.reporters.JUnitXMLReporter -->
<testsuite hostname="WECARE" name="BankingApp Test on Chrome" tests="1" failures="1" timestamp="16 Sep 2020 10:13:48 GMT" time="0.462" errors="0">
  <testcase name="depositAmountTestwithWrongID" time="0.044" classname="com.InternetBanking_V1.testCases.TC_DepositAmountTest_001">
    <failure type="java.lang.NullPointerException">
      <![CDATA[java.lang.NullPointerException
	at org.openqa.selenium.support.pagefactory.DefaultElementLocator.findElement(DefaultElementLocator.java:69)
	at org.openqa.selenium.support.pagefactory.internal.LocatingElementHandler.invoke(LocatingElementHandler.java:38)
	at com.sun.proxy.$Proxy28.sendKeys(Unknown Source)
	at com.InternetBanking_V1.pageObjects.DepositAmountPage.depositAmount(DepositAmountPage.java:40)
	at com.InternetBanking_V1.testCases.TC_DepositAmountTest_001.depositAmountTestwithWrongID(TC_DepositAmountTest_001.java:44)
... Removed 24 stack frames]]>
    </failure>
  </testcase> <!-- depositAmountTestwithWrongID -->
</testsuite> <!-- BankingApp Test on Chrome -->
