<?xml version="1.0" encoding="UTF-8"?>
<!-- Generated by org.testng.reporters.JUnitXMLReporter -->
<testsuite ignored="0" hostname="WECARE" failures="0" tests="4" name="BankingApp Test" time="270.098" errors="0" timestamp="2020-09-14T21:49:35 IST">
  <testcase classname="com.InternetBanking_V1.testCases.TC_LoginTest_001" name="LoginTest" time="7.812"/>
  <testcase classname="com.InternetBanking_V1.testCases.TC_AddCustomerTest_001" name="addCustomerTest" time="36.054"/>
  <testcase classname="com.InternetBanking_V1.testCases.TC_EditCustomerTest_001" name="editCustomerTest" time="45.148"/>
  <testcase classname="com.InternetBanking_V1.testCases.TC_DeleteCustomerTest_001" name="deleteCustomerTest" time="30.343"/>
</testsuite> <!-- BankingApp Test -->
