<?xml version="1.0" encoding="UTF-8"?>
<!-- Generated by org.testng.reporters.JUnitXMLReporter -->
<testsuite hostname="WECARE" ignored="0" name="BankingApp Test" tests="1" failures="1" timestamp="2020-09-16T00:57:28 IST" time="31.582" errors="0">
  <testcase name="addNewAccountTest" time="0.159" classname="com.InternetBanking_V1.testCases.TC_AddNewAccountTest_001">
    <failure type="java.lang.NullPointerException">
      <![CDATA[java.lang.NullPointerException
at org.openqa.selenium.support.pagefactory.DefaultElementLocator.findElement(DefaultElementLocator.java:69)
at org.openqa.selenium.support.pagefactory.internal.LocatingElementHandler.invoke(LocatingElementHandler.java:38)
at com.sun.proxy.$Proxy27.sendKeys(Unknown Source)
at com.InternetBanking_V1.pageObjects.LoginPage.setUsername(LoginPage.java:37)
at com.InternetBanking_V1.testCases.TC_AddNewAccountTest_001.addNewAccountTest(TC_AddNewAccountTest_001.java:18)
at java.util.ArrayList.forEach(Unknown Source)
... Removed 31 stack frames]]>
    </failure>
  </testcase> <!-- addNewAccountTest -->
</testsuite> <!-- BankingApp Test -->
