<?xml version="1.0" encoding="UTF-8"?>
<testng-results skipped="0" failed="1" ignored="0" total="1" passed="0">
  <reporter-output>
  </reporter-output>
  <suite name="InternetBanking_V1" duration-ms="31582" started-at="2020-09-16T00:56:56 IST" finished-at="2020-09-16T00:57:28 IST">
    <groups>
    </groups>
    <test name="BankingApp Test" duration-ms="31582" started-at="2020-09-16T00:56:56 IST" finished-at="2020-09-16T00:57:28 IST">
      <class name="com.InternetBanking_V1.testCases.TC_AddNewAccountTest_001">
        <test-method status="PASS" signature="setUp(java.lang.String)[pri:0, instance:com.InternetBanking_V1.testCases.TC_AddNewAccountTest_001@4988d8b8]" name="setUp" is-config="true" duration-ms="29885" started-at="2020-09-16T00:56:57 IST" finished-at="2020-09-16T00:57:26 IST">
          <params>
            <param index="0">
              <value>
                <![CDATA[chrome]]>
              </value>
            </param>
          </params>
          <reporter-output>
          </reporter-output>
        </test-method> <!-- setUp -->
        <test-method status="FAIL" signature="addNewAccountTest()[pri:0, instance:com.InternetBanking_V1.testCases.TC_AddNewAccountTest_001@4988d8b8]" name="addNewAccountTest" duration-ms="159" started-at="2020-09-16T00:57:26 IST" finished-at="2020-09-16T00:57:27 IST">
          <exception class="java.lang.NullPointerException">
            <full-stacktrace>
              <![CDATA[java.lang.NullPointerException
at org.openqa.selenium.support.pagefactory.DefaultElementLocator.findElement(DefaultElementLocator.java:69)
at org.openqa.selenium.support.pagefactory.internal.LocatingElementHandler.invoke(LocatingElementHandler.java:38)
at com.sun.proxy.$Proxy27.sendKeys(Unknown Source)
at com.InternetBanking_V1.pageObjects.LoginPage.setUsername(LoginPage.java:37)
at com.InternetBanking_V1.testCases.TC_AddNewAccountTest_001.addNewAccountTest(TC_AddNewAccountTest_001.java:18)
at sun.reflect.NativeMethodAccessorImpl.invoke0(Native Method)
at sun.reflect.NativeMethodAccessorImpl.invoke(Unknown Source)
at sun.reflect.DelegatingMethodAccessorImpl.invoke(Unknown Source)
at java.lang.reflect.Method.invoke(Unknown Source)
at org.testng.internal.MethodInvocationHelper.invokeMethod(MethodInvocationHelper.java:134)
at org.testng.internal.TestInvoker.invokeMethod(TestInvoker.java:597)
at org.testng.internal.TestInvoker.invokeTestMethod(TestInvoker.java:173)
at org.testng.internal.MethodRunner.runInSequence(MethodRunner.java:46)
at org.testng.internal.TestInvoker$MethodInvocationAgent.invoke(TestInvoker.java:816)
at org.testng.internal.TestInvoker.invokeTestMethods(TestInvoker.java:146)
at org.testng.internal.TestMethodWorker.invokeTestMethods(TestMethodWorker.java:146)
at org.testng.internal.TestMethodWorker.run(TestMethodWorker.java:128)
at java.util.ArrayList.forEach(Unknown Source)
at org.testng.TestRunner.privateRun(TestRunner.java:766)
at org.testng.TestRunner.run(TestRunner.java:587)
at org.testng.SuiteRunner.runTest(SuiteRunner.java:384)
at org.testng.SuiteRunner.runSequentially(SuiteRunner.java:378)
at org.testng.SuiteRunner.privateRun(SuiteRunner.java:337)
at org.testng.SuiteRunner.run(SuiteRunner.java:286)
at org.testng.SuiteRunnerWorker.runSuite(SuiteRunnerWorker.java:53)
at org.testng.SuiteRunnerWorker.run(SuiteRunnerWorker.java:96)
at org.testng.TestNG.runSuitesSequentially(TestNG.java:1187)
at org.testng.TestNG.runSuitesLocally(TestNG.java:1109)
at org.testng.TestNG.runSuites(TestNG.java:1039)
at org.testng.TestNG.run(TestNG.java:1007)
at org.apache.maven.surefire.testng.TestNGExecutor.run(TestNGExecutor.java:284)
at org.apache.maven.surefire.testng.TestNGXmlTestSuite.execute(TestNGXmlTestSuite.java:75)
at org.apache.maven.surefire.testng.TestNGProvider.invoke(TestNGProvider.java:119)
at org.apache.maven.surefire.booter.ForkedBooter.runSuitesInProcess(ForkedBooter.java:428)
at org.apache.maven.surefire.booter.ForkedBooter.execute(ForkedBooter.java:162)
at org.apache.maven.surefire.booter.ForkedBooter.run(ForkedBooter.java:562)
at org.apache.maven.surefire.booter.ForkedBooter.main(ForkedBooter.java:548)
]]>
            </full-stacktrace>
          </exception> <!-- java.lang.NullPointerException -->
          <reporter-output>
          </reporter-output>
        </test-method> <!-- addNewAccountTest -->
        <test-method status="PASS" signature="tearDown()[pri:0, instance:com.InternetBanking_V1.testCases.TC_AddNewAccountTest_001@4988d8b8]" name="tearDown" is-config="true" duration-ms="971" started-at="2020-09-16T00:57:27 IST" finished-at="2020-09-16T00:57:28 IST">
          <reporter-output>
          </reporter-output>
        </test-method> <!-- tearDown -->
      </class> <!-- com.InternetBanking_V1.testCases.TC_AddNewAccountTest_001 -->
    </test> <!-- BankingApp Test -->
  </suite> <!-- InternetBanking_V1 -->
</testng-results>
