<?xml version="1.0" encoding="UTF-8"?>
<testsuite xmlns:xsi="http://www.w3.org/2001/XMLSchema-instance" xsi:noNamespaceSchemaLocation="https://maven.apache.org/surefire/maven-surefire-plugin/xsd/surefire-test-report-3.0.xsd" version="3.0" name="TestSuite" time="275.355" tests="4" errors="0" skipped="0" failures="0">
  <properties>
[...]
</properties>
  <testcase name="LoginTest" classname="com.InternetBanking_V1.testCases.TC_LoginTest_001" time="7.792">
    <system-out><![CDATA[INFO  | 2020-09-14 21:45:21 | [main] testCases.BaseClass (BaseClass.java:50) - chromeBrowser started Successfully
INFO  | 2020-09-14 21:45:51 | [main] testCases.BaseClass (BaseClass.java:53) - URL is opened
INFO  | 2020-09-14 21:45:53 | [main] testCases.BaseClass (BaseClass.java:55) - Browser is maximised
INFO  | 2020-09-14 21:45:54 | [main] testCases.TC_LoginTest_001 (TC_LoginTest_001.java:26) - Username is entered
INFO  | 2020-09-14 21:45:54 | [main] testCases.TC_LoginTest_001 (TC_LoginTest_001.java:29) - Password is entered
INFO  | 2020-09-14 21:46:01 | [main] testCases.TC_LoginTest_001 (TC_LoginTest_001.java:35) - Home Page title is checked
INFO  | 2020-09-14 21:46:01 | [main] testCases.TC_LoginTest_001 (TC_LoginTest_001.java:36) - Login test is passed
]]></system-out>
    <system-err><![CDATA[SLF4J: Failed to load class "org.slf4j.impl.StaticLoggerBinder".
SLF4J: Defaulting to no-operation (NOP) logger implementation
SLF4J: See http://www.slf4j.org/codes.html#StaticLoggerBinder for further details.
Starting ChromeDriver 85.0.4183.87 (cd6713ebf92fa1cacc0f1a598df280093af0c5d7-refs/branch-heads/4183@{#1689}) on port 11153
Only local connections are allowed.
Please see https://chromedriver.chromium.org/security-considerations for suggestions on keeping ChromeDriver safe.
ChromeDriver was started successfully.
Sep 14, 2020 9:45:21 PM org.openqa.selenium.remote.ProtocolHandshake createSession
INFO: Detected dialect: W3C
]]></system-err>
  </testcase>
  <testcase name="addCustomerTest" classname="com.InternetBanking_V1.testCases.TC_AddCustomerTest_001" time="36.021">
    <system-out><![CDATA[INFO  | 2020-09-14 21:46:02 | [main] testCases.BaseClass (BaseClass.java:62) - Browser closed successfully
INFO  | 2020-09-14 21:46:08 | [main] testCases.BaseClass (BaseClass.java:50) - chromeBrowser started Successfully
INFO  | 2020-09-14 21:46:50 | [main] testCases.BaseClass (BaseClass.java:53) - URL is opened
INFO  | 2020-09-14 21:46:53 | [main] testCases.BaseClass (BaseClass.java:55) - Browser is maximised
INFO  | 2020-09-14 21:46:53 | [main] testCases.TC_AddCustomerTest_001 (TC_AddCustomerTest_001.java:16) - Userid given
INFO  | 2020-09-14 21:46:53 | [main] testCases.TC_AddCustomerTest_001 (TC_AddCustomerTest_001.java:18) - Password given
INFO  | 2020-09-14 21:47:03 | [main] testCases.TC_AddCustomerTest_001 (TC_AddCustomerTest_001.java:20) - Login Successful
INFO  | 2020-09-14 21:47:07 | [main] testCases.TC_AddCustomerTest_001 (TC_AddCustomerTest_001.java:24) - Customer details is provided...
INFO  | 2020-09-14 21:47:07 | [main] testCases.TC_AddCustomerTest_001 (TC_AddCustomerTest_001.java:26) - name given
INFO  | 2020-09-14 21:47:07 | [main] testCases.TC_AddCustomerTest_001 (TC_AddCustomerTest_001.java:28) - gender given
INFO  | 2020-09-14 21:47:10 | [main] testCases.TC_AddCustomerTest_001 (TC_AddCustomerTest_001.java:31) - Date of Birth given
INFO  | 2020-09-14 21:47:10 | [main] testCases.TC_AddCustomerTest_001 (TC_AddCustomerTest_001.java:33) - address given
INFO  | 2020-09-14 21:47:10 | [main] testCases.TC_AddCustomerTest_001 (TC_AddCustomerTest_001.java:35) - City given
INFO  | 2020-09-14 21:47:10 | [main] testCases.TC_AddCustomerTest_001 (TC_AddCustomerTest_001.java:37) - State given
INFO  | 2020-09-14 21:47:10 | [main] testCases.TC_AddCustomerTest_001 (TC_AddCustomerTest_001.java:39) - pincode given
INFO  | 2020-09-14 21:47:11 | [main] testCases.TC_AddCustomerTest_001 (TC_AddCustomerTest_001.java:42) - mobile number given
INFO  | 2020-09-14 21:47:11 | [main] testCases.TC_AddCustomerTest_001 (TC_AddCustomerTest_001.java:45) - email id given
INFO  | 2020-09-14 21:47:11 | [main] testCases.TC_AddCustomerTest_001 (TC_AddCustomerTest_001.java:48) - password given
INFO  | 2020-09-14 21:47:26 | [main] testCases.TC_AddCustomerTest_001 (TC_AddCustomerTest_001.java:51) - Validation started
INFO  | 2020-09-14 21:47:29 | [main] testCases.TC_AddCustomerTest_001 (TC_AddCustomerTest_001.java:55) - Customer add test passed..
]]></system-out>
    <system-err><![CDATA[Starting ChromeDriver 85.0.4183.87 (cd6713ebf92fa1cacc0f1a598df280093af0c5d7-refs/branch-heads/4183@{#1689}) on port 48755
Only local connections are allowed.
Please see https://chromedriver.chromium.org/security-considerations for suggestions on keeping ChromeDriver safe.
ChromeDriver was started successfully.
Sep 14, 2020 9:46:08 PM org.openqa.selenium.remote.ProtocolHandshake createSession
INFO: Detected dialect: W3C
]]></system-err>
  </testcase>
  <testcase name="editCustomerTest" classname="com.InternetBanking_V1.testCases.TC_EditCustomerTest_001" time="45.137">
    <system-out><![CDATA[INFO  | 2020-09-14 21:47:30 | [main] testCases.BaseClass (BaseClass.java:62) - Browser closed successfully
INFO  | 2020-09-14 21:47:34 | [main] testCases.BaseClass (BaseClass.java:50) - chromeBrowser started Successfully
INFO  | 2020-09-14 21:47:57 | [main] testCases.BaseClass (BaseClass.java:53) - URL is opened
INFO  | 2020-09-14 21:48:00 | [main] testCases.BaseClass (BaseClass.java:55) - Browser is maximised
INFO  | 2020-09-14 21:48:00 | [main] testCases.TC_EditCustomerTest_001 (TC_EditCustomerTest_001.java:19) - Username is provided
INFO  | 2020-09-14 21:48:00 | [main] testCases.TC_EditCustomerTest_001 (TC_EditCustomerTest_001.java:21) - Password is provided
INFO  | 2020-09-14 21:48:05 | [main] testCases.TC_EditCustomerTest_001 (TC_EditCustomerTest_001.java:23) - Login Successful
INFO  | 2020-09-14 21:48:13 | [main] testCases.TC_EditCustomerTest_001 (TC_EditCustomerTest_001.java:26) - Edit Customer page is opened
INFO  | 2020-09-14 21:48:13 | [main] testCases.TC_EditCustomerTest_001 (TC_EditCustomerTest_001.java:28) - Customer ID is provided
INFO  | 2020-09-14 21:48:35 | [main] testCases.TC_EditCustomerTest_001 (TC_EditCustomerTest_001.java:31) - Edit Customer form is opened
INFO  | 2020-09-14 21:48:35 | [main] testCases.TC_EditCustomerTest_001 (TC_EditCustomerTest_001.java:33) - Address changed
INFO  | 2020-09-14 21:48:35 | [main] testCases.TC_EditCustomerTest_001 (TC_EditCustomerTest_001.java:35) - City changed
INFO  | 2020-09-14 21:48:35 | [main] testCases.TC_EditCustomerTest_001 (TC_EditCustomerTest_001.java:37) - State changed
INFO  | 2020-09-14 21:48:35 | [main] testCases.TC_EditCustomerTest_001 (TC_EditCustomerTest_001.java:41) - Mobileno changed
INFO  | 2020-09-14 21:48:35 | [main] testCases.TC_EditCustomerTest_001 (TC_EditCustomerTest_001.java:45) - Email id changed
INFO  | 2020-09-14 21:48:45 | [main] testCases.TC_EditCustomerTest_001 (TC_EditCustomerTest_001.java:49) - Validation started
INFO  | 2020-09-14 21:48:45 | [main] testCases.TC_EditCustomerTest_001 (TC_EditCustomerTest_001.java:52) - Customer edit test passed
]]></system-out>
    <system-err><![CDATA[Starting ChromeDriver 85.0.4183.87 (cd6713ebf92fa1cacc0f1a598df280093af0c5d7-refs/branch-heads/4183@{#1689}) on port 45976
Only local connections are allowed.
Please see https://chromedriver.chromium.org/security-considerations for suggestions on keeping ChromeDriver safe.
ChromeDriver was started successfully.
Sep 14, 2020 9:47:34 PM org.openqa.selenium.remote.ProtocolHandshake createSession
INFO: Detected dialect: W3C
]]></system-err>
  </testcase>
  <testcase name="deleteCustomerTest" classname="com.InternetBanking_V1.testCases.TC_DeleteCustomerTest_001" time="30.314">
    <system-out><![CDATA[INFO  | 2020-09-14 21:48:45 | [main] testCases.BaseClass (BaseClass.java:62) - Browser closed successfully
INFO  | 2020-09-14 21:48:50 | [main] testCases.BaseClass (BaseClass.java:50) - chromeBrowser started Successfully
INFO  | 2020-09-14 21:49:02 | [main] testCases.BaseClass (BaseClass.java:53) - URL is opened
INFO  | 2020-09-14 21:49:04 | [main] testCases.BaseClass (BaseClass.java:55) - Browser is maximised
INFO  | 2020-09-14 21:49:04 | [main] testCases.TC_DeleteCustomerTest_001 (TC_DeleteCustomerTest_001.java:17) - Username is provided
INFO  | 2020-09-14 21:49:04 | [main] testCases.TC_DeleteCustomerTest_001 (TC_DeleteCustomerTest_001.java:19) - Password is provided
INFO  | 2020-09-14 21:49:22 | [main] testCases.TC_DeleteCustomerTest_001 (TC_DeleteCustomerTest_001.java:21) - Login Successful
INFO  | 2020-09-14 21:49:31 | [main] testCases.TC_DeleteCustomerTest_001 (TC_DeleteCustomerTest_001.java:24) - Delete Customer page is opened
INFO  | 2020-09-14 21:49:31 | [main] testCases.TC_DeleteCustomerTest_001 (TC_DeleteCustomerTest_001.java:26) - Customer ID is provided
INFO  | 2020-09-14 21:49:31 | [main] testCases.TC_DeleteCustomerTest_001 (TC_DeleteCustomerTest_001.java:31) - alert is accepted
INFO  | 2020-09-14 21:49:34 | [main] testCases.TC_DeleteCustomerTest_001 (TC_DeleteCustomerTest_001.java:35) - Customer delete test passed..
]]></system-out>
    <system-err><![CDATA[Starting ChromeDriver 85.0.4183.87 (cd6713ebf92fa1cacc0f1a598df280093af0c5d7-refs/branch-heads/4183@{#1689}) on port 26533
Only local connections are allowed.
Please see https://chromedriver.chromium.org/security-considerations for suggestions on keeping ChromeDriver safe.
ChromeDriver was started successfully.
Sep 14, 2020 9:48:50 PM org.openqa.selenium.remote.ProtocolHandshake createSession
INFO: Detected dialect: W3C
]]></system-err>
  </testcase>
</testsuite>