-------------------------------------------------------------------------------
Test set: TestSuite
-------------------------------------------------------------------------------
Tests run: 1, Failures: 1, Errors: 0, Skipped: 0, Time elapsed: 36.217 s <<< FAILURE! - in TestSuite
com.InternetBanking_V1.testCases.TC_AddNewAccountTest_001.addNewAccountTest  Time elapsed: 0.281 s  <<< FAILURE!
java.lang.NullPointerException
	at com.InternetBanking_V1.testCases.TC_AddNewAccountTest_001.addNewAccountTest(TC_AddNewAccountTest_001.java:18)

