<?xml version="1.0" encoding="UTF-8"?>
<testsuite xmlns:xsi="http://www.w3.org/2001/XMLSchema-instance" xsi:noNamespaceSchemaLocation="https://maven.apache.org/surefire/maven-surefire-plugin/xsd/surefire-test-report-3.0.xsd" version="3.0" name="TestSuite" time="36.217" tests="1" errors="0" skipped="0" failures="1">
  <properties>
[...]
</properties>
  <testcase name="addNewAccountTest" classname="com.InternetBanking_V1.testCases.TC_AddNewAccountTest_001" time="0.281">
    <failure type="java.lang.NullPointerException"><![CDATA[java.lang.NullPointerException
	at com.InternetBanking_V1.testCases.TC_AddNewAccountTest_001.addNewAccountTest(TC_AddNewAccountTest_001.java:18)
]]></failure>
    <system-out><![CDATA[INFO  | 2020-09-16 00:57:09 | [main] testCases.BaseClass (BaseClass.java:54) - chromeBrowser started Successfully
INFO  | 2020-09-16 00:57:24 | [main] testCases.BaseClass (BaseClass.java:57) - URL is opened
INFO  | 2020-09-16 00:57:26 | [main] testCases.BaseClass (BaseClass.java:59) - Browser is maximised
]]></system-out>
    <system-err><![CDATA[SLF4J: Failed to load class "org.slf4j.impl.StaticLoggerBinder".
SLF4J: Defaulting to no-operation (NOP) logger implementation
SLF4J: See http://www.slf4j.org/codes.html#StaticLoggerBinder for further details.
Starting ChromeDriver 85.0.4183.87 (cd6713ebf92fa1cacc0f1a598df280093af0c5d7-refs/branch-heads/4183@{#1689}) on port 4190
Only local connections are allowed.
Please see https://chromedriver.chromium.org/security-considerations for suggestions on keeping ChromeDriver safe.
ChromeDriver was started successfully.
Sep 16, 2020 12:57:08 AM org.openqa.selenium.remote.ProtocolHandshake createSession
INFO: Detected dialect: W3C
]]></system-err>
  </testcase>
</testsuite>