<?xml version="1.0" encoding="UTF-8"?>
<testng-results skipped="0" failed="0" total="1" passed="1">
  <reporter-output>
  </reporter-output>
  <suite name="InternetBanking_V1" duration-ms="37167" started-at="2020-09-17T17:21:33Z" finished-at="2020-09-17T17:22:10Z">
    <groups>
    </groups>
    <test name="BankingApp Test" duration-ms="37167" started-at="2020-09-17T17:21:33Z" finished-at="2020-09-17T17:22:10Z">
      <class name="com.InternetBanking_V1.testCases.TC_WithdrawAmountTest_008">
        <test-method status="PASS" signature="setUp(java.lang.String)[pri:0, instance:com.InternetBanking_V1.testCases.TC_WithdrawAmountTest_008@52bf72b5]" name="setUp" is-config="true" duration-ms="20919" started-at="2020-09-17T22:51:34Z" finished-at="2020-09-17T22:51:55Z">
          <params>
            <param index="0">
              <value>
                <![CDATA[chrome]]>
              </value>
            </param>
          </params>
          <reporter-output>
          </reporter-output>
        </test-method> <!-- setUp -->
        <test-method status="PASS" signature="withdrawAmountwithValidId()[pri:0, instance:com.InternetBanking_V1.testCases.TC_WithdrawAmountTest_008@52bf72b5]" name="withdrawAmountwithValidId" duration-ms="14330" started-at="2020-09-17T22:51:55Z" finished-at="2020-09-17T22:52:09Z">
          <reporter-output>
          </reporter-output>
        </test-method> <!-- withdrawAmountwithValidId -->
        <test-method status="PASS" signature="tearDown()[pri:0, instance:com.InternetBanking_V1.testCases.TC_WithdrawAmountTest_008@52bf72b5]" name="tearDown" is-config="true" duration-ms="1477" started-at="2020-09-17T22:52:09Z" finished-at="2020-09-17T22:52:10Z">
          <reporter-output>
          </reporter-output>
        </test-method> <!-- tearDown -->
      </class> <!-- com.InternetBanking_V1.testCases.TC_WithdrawAmountTest_008 -->
    </test> <!-- BankingApp Test -->
  </suite> <!-- InternetBanking_V1 -->
</testng-results>
